<?xml version="1.0" encoding="UTF-8"?>
<testng-results ignored="0" total="1" passed="1" failed="0" skipped="0">
  <reporter-output>
  </reporter-output>
  <suite started-at="2022-02-09T08:10:10 IST" name="Default suite" finished-at="2022-02-09T08:10:25 IST" duration-ms="15239">
    <groups>
    </groups>
    <test started-at="2022-02-09T08:10:10 IST" name="Default test" finished-at="2022-02-09T08:10:25 IST" duration-ms="15239">
      <class name="com.eBankingV1.testCases.TC_LoginTest_001">
        <test-method is-config="true" signature="setup()[pri:0, instance:com.eBankingV1.testCases.TC_LoginTest_001@245b4bdc]" started-at="2022-02-09T08:10:10 IST" name="setup" finished-at="2022-02-09T08:10:16 IST" duration-ms="6927" status="PASS">
          <reporter-output>
          </reporter-output>
        </test-method> <!-- setup -->
        <test-method signature="loginTest()[pri:0, instance:com.eBankingV1.testCases.TC_LoginTest_001@245b4bdc]" started-at="2022-02-09T08:10:17 IST" name="loginTest" finished-at="2022-02-09T08:10:24 IST" duration-ms="7764" status="PASS">
          <reporter-output>
          </reporter-output>
        </test-method> <!-- loginTest -->
        <test-method is-config="true" signature="tearDown()[pri:0, instance:com.eBankingV1.testCases.TC_LoginTest_001@245b4bdc]" started-at="2022-02-09T08:10:24 IST" name="tearDown" finished-at="2022-02-09T08:10:25 IST" duration-ms="463" status="PASS">
          <reporter-output>
          </reporter-output>
        </test-method> <!-- tearDown -->
      </class> <!-- com.eBankingV1.testCases.TC_LoginTest_001 -->
    </test> <!-- Default test -->
  </suite> <!-- Default suite -->
</testng-results>
